This is pdfTeX, Version 3.14159265-2.6-1.40.20 (TeX Live 2019/Debian) (preloaded format=pdflatex 2021.8.5)  17 AUG 2021 08:49
entering extended mode
 restricted \write18 enabled.
 %&-line parsing enabled.
**intro-innehåll.tex
(./intro-innehåll.tex
LaTeX2e <2020-02-02> patch level 2
L3 programming layer <2020-02-14>
(/usr/share/texlive/texmf-dist/tex/latex/base/article.cls
Document Class: article 2019/12/20 v1.4l Standard LaTeX document class
(/usr/share/texlive/texmf-dist/tex/latex/base/size12.clo
File: size12.clo 2019/12/20 v1.4l Standard LaTeX file (size option)
)
\c@part=\count167
\c@section=\count168
\c@subsection=\count169
\c@subsubsection=\count170
\c@paragraph=\count171
\c@subparagraph=\count172
\c@figure=\count173
\c@table=\count174
\abovecaptionskip=\skip47
\belowcaptionskip=\skip48
\bibindent=\dimen134
)
(/usr/share/texlive/texmf-dist/tex/generic/babel/babel.sty
Package: babel 2020/02/14 3.40 The Babel package

(/usr/share/texlive/texmf-dist/tex/generic/babel/switch.def
File: switch.def 2020/02/14 3.40 Babel switching mechanism
)
(/usr/share/texlive/texmf-dist/tex/generic/babel-english/british.ldf
Language: british 2017/06/06 v3.3r English support from the babel system

(/usr/share/texlive/texmf-dist/tex/generic/babel-english/english.ldf
Language: english 2017/06/06 v3.3r English support from the babel system

(/usr/share/texlive/texmf-dist/tex/generic/babel/babel.def
File: babel.def 2020/02/14 3.40 Babel common definitions
\babel@savecnt=\count175
\U@D=\dimen135

(/usr/share/texlive/texmf-dist/tex/generic/babel/txtbabel.def)
\bbl@readstream=\read2
\bbl@dirlevel=\count176
)
Package babel Info: \l@british = using hyphenrules for english
(babel)             (\language0) on input line 82.
Package babel Info: \l@UKenglish = using hyphenrules for english
(babel)             (\language0) on input line 83.
Package babel Info: \l@canadian = using hyphenrules for english
(babel)             (\language0) on input line 102.
Package babel Info: \l@australian = using hyphenrules for english
(babel)             (\language0) on input line 105.
Package babel Info: \l@newzealand = using hyphenrules for english
(babel)             (\language0) on input line 108.
)))
(/usr/share/texlive/texmf-dist/tex/latex/base/inputenc.sty
Package: inputenc 2018/08/11 v1.3c Input encoding file
\inpenc@prehook=\toks14
\inpenc@posthook=\toks15
)
(/usr/share/texlive/texmf-dist/tex/latex/float/float.sty
Package: float 2001/11/08 v1.3d Float enhancements (AL)
\c@float@type=\count177
\float@exts=\toks16
\float@box=\box45
\@float@everytoks=\toks17
\@floatcapt=\box46
)
(/usr/share/texlive/texmf-dist/tex/latex/graphics/graphicx.sty
Package: graphicx 2019/11/30 v1.2a Enhanced LaTeX Graphics (DPC,SPQR)

(/usr/share/texlive/texmf-dist/tex/latex/graphics/keyval.sty
Package: keyval 2014/10/28 v1.15 key=value parser (DPC)
\KV@toks@=\toks18
)
(/usr/share/texlive/texmf-dist/tex/latex/graphics/graphics.sty
Package: graphics 2019/11/30 v1.4a Standard LaTeX Graphics (DPC,SPQR)

(/usr/share/texlive/texmf-dist/tex/latex/graphics/trig.sty
Package: trig 2016/01/03 v1.10 sin cos tan (DPC)
)
(/usr/share/texlive/texmf-dist/tex/latex/graphics-cfg/graphics.cfg
File: graphics.cfg 2016/06/04 v1.11 sample graphics configuration
)
Package graphics Info: Driver file: pdftex.def on input line 105.

(/usr/share/texlive/texmf-dist/tex/latex/graphics-def/pdftex.def
File: pdftex.def 2018/01/08 v1.0l Graphics/color driver for pdftex
))
\Gin@req@height=\dimen136
\Gin@req@width=\dimen137
)
(/usr/share/texlive/texmf-dist/tex/latex/amsmath/amsmath.sty
Package: amsmath 2020/01/20 v2.17e AMS math features
\@mathmargin=\skip49

For additional information on amsmath, use the `?' option.
(/usr/share/texlive/texmf-dist/tex/latex/amsmath/amstext.sty
Package: amstext 2000/06/29 v2.01 AMS text

(/usr/share/texlive/texmf-dist/tex/latex/amsmath/amsgen.sty
File: amsgen.sty 1999/11/30 v2.0 generic functions
\@emptytoks=\toks19
\ex@=\dimen138
))
(/usr/share/texlive/texmf-dist/tex/latex/amsmath/amsbsy.sty
Package: amsbsy 1999/11/29 v1.2d Bold Symbols
\pmbraise@=\dimen139
)
(/usr/share/texlive/texmf-dist/tex/latex/amsmath/amsopn.sty
Package: amsopn 2016/03/08 v2.02 operator names
)
\inf@bad=\count178
LaTeX Info: Redefining \frac on input line 227.
\uproot@=\count179
\leftroot@=\count180
LaTeX Info: Redefining \overline on input line 389.
\classnum@=\count181
\DOTSCASE@=\count182
LaTeX Info: Redefining \ldots on input line 486.
LaTeX Info: Redefining \dots on input line 489.
LaTeX Info: Redefining \cdots on input line 610.
\Mathstrutbox@=\box47
\strutbox@=\box48
\big@size=\dimen140
LaTeX Font Info:    Redeclaring font encoding OML on input line 733.
LaTeX Font Info:    Redeclaring font encoding OMS on input line 734.
\macc@depth=\count183
\c@MaxMatrixCols=\count184
\dotsspace@=\muskip16
\c@parentequation=\count185
\dspbrk@lvl=\count186
\tag@help=\toks20
\row@=\count187
\column@=\count188
\maxfields@=\count189
\andhelp@=\toks21
\eqnshift@=\dimen141
\alignsep@=\dimen142
\tagshift@=\dimen143
\tagwidth@=\dimen144
\totwidth@=\dimen145
\lineht@=\dimen146
\@envbody=\toks22
\multlinegap=\skip50
\multlinetaggap=\skip51
\mathdisplay@stack=\toks23
LaTeX Info: Redefining \[ on input line 2859.
LaTeX Info: Redefining \] on input line 2860.
)
(/usr/share/texlive/texmf-dist/tex/latex/amsfonts/amsfonts.sty
Package: amsfonts 2013/01/14 v3.01 Basic AMSFonts support
\symAMSa=\mathgroup4
\symAMSb=\mathgroup5
LaTeX Font Info:    Redeclaring math symbol \hbar on input line 98.
LaTeX Font Info:    Overwriting math alphabet `\mathfrak' in version `bold'
(Font)                  U/euf/m/n --> U/euf/b/n on input line 106.
)
(/usr/share/texlive/texmf-dist/tex/latex/cite/cite.sty
LaTeX Info: Redefining \cite on input line 302.
LaTeX Info: Redefining \nocite on input line 332.
Package: cite 2015/02/27  v 5.5
)
(/usr/share/texlive/texmf-dist/tex/latex/tools/enumerate.sty
Package: enumerate 2015/07/23 v3.00 enumerate extensions (DPC)
\@enLab=\toks24
)
(/usr/share/texlive/texmf-dist/tex/latex/tools/tabularx.sty
Package: tabularx 2020/01/15 v2.11c `tabularx' package (DPC)

(/usr/share/texlive/texmf-dist/tex/latex/tools/array.sty
Package: array 2019/08/31 v2.4l Tabular extension package (FMi)
\col@sep=\dimen147
\ar@mcellbox=\box49
\extrarowheight=\dimen148
\NC@list=\toks25
\extratabsurround=\skip52
\backup@length=\skip53
\ar@cellbox=\box50
)
\TX@col@width=\dimen149
\TX@old@table=\dimen150
\TX@old@col=\dimen151
\TX@target=\dimen152
\TX@delta=\dimen153
\TX@cols=\count190
\TX@ftn=\toks26
)
(/usr/share/texlive/texmf-dist/tex/latex/pdfpages/pdfpages.sty
Package: pdfpages 2020/01/28 v0.5q Insert pages of external PDF documents (AM)

(/usr/share/texlive/texmf-dist/tex/latex/base/ifthen.sty
Package: ifthen 2014/09/29 v1.1c Standard LaTeX ifthen package (DPC)
)
(/usr/share/texlive/texmf-dist/tex/latex/tools/calc.sty
Package: calc 2017/05/25 v4.3 Infix arithmetic (KKT,FJ)
\calc@Acount=\count191
\calc@Bcount=\count192
\calc@Adimen=\dimen154
\calc@Bdimen=\dimen155
\calc@Askip=\skip54
\calc@Bskip=\skip55
LaTeX Info: Redefining \setlength on input line 80.
LaTeX Info: Redefining \addtolength on input line 81.
\calc@Ccount=\count193
\calc@Cskip=\skip56
)
(/usr/share/texlive/texmf-dist/tex/latex/eso-pic/eso-pic.sty
Package: eso-pic 2018/04/12 v2.0h eso-pic (RN)

(/usr/share/texlive/texmf-dist/tex/generic/atbegshi/atbegshi.sty
Package: atbegshi 2019/12/05 v1.19 At begin shipout hook (HO)

(/usr/share/texlive/texmf-dist/tex/generic/infwarerr/infwarerr.sty
Package: infwarerr 2019/12/03 v1.5 Providing info/warning/error messages (HO)
)
(/usr/share/texlive/texmf-dist/tex/generic/ltxcmds/ltxcmds.sty
Package: ltxcmds 2019/12/15 v1.24 LaTeX kernel commands for general use (HO)
)
(/usr/share/texlive/texmf-dist/tex/generic/iftex/iftex.sty
Package: iftex 2019/11/07 v1.0c TeX engine tests
))
(/usr/share/texlive/texmf-dist/tex/latex/xcolor/xcolor.sty
Package: xcolor 2016/05/11 v2.12 LaTeX color extensions (UK)

(/usr/share/texlive/texmf-dist/tex/latex/graphics-cfg/color.cfg
File: color.cfg 2016/01/02 v1.6 sample color configuration
)
Package xcolor Info: Driver file: pdftex.def on input line 225.
Package xcolor Info: Model `cmy' substituted by `cmy0' on input line 1348.
Package xcolor Info: Model `hsb' substituted by `rgb' on input line 1352.
Package xcolor Info: Model `RGB' extended on input line 1364.
Package xcolor Info: Model `HTML' substituted by `rgb' on input line 1366.
Package xcolor Info: Model `Hsb' substituted by `hsb' on input line 1367.
Package xcolor Info: Model `tHsb' substituted by `hsb' on input line 1368.
Package xcolor Info: Model `HSB' substituted by `hsb' on input line 1369.
Package xcolor Info: Model `Gray' substituted by `gray' on input line 1370.
Package xcolor Info: Model `wave' substituted by `hsb' on input line 1371.
))
\AM@pagewidth=\dimen156
\AM@pageheight=\dimen157

(/usr/share/texlive/texmf-dist/tex/latex/pdfpages/pppdftex.def
File: pppdftex.def 2020/01/28 v0.5q Pdfpages driver for pdfTeX (AM)
)
\AM@pagebox=\box51
\AM@global@opts=\toks27
\AM@pagecnt=\count194
\AM@toc@title=\toks28
\c@AM@survey=\count195
\AM@templatesizebox=\box52
)
(/usr/share/texlive/texmf-dist/tex/latex/geometry/geometry.sty
Package: geometry 2020/01/02 v5.9 Page Geometry

(/usr/share/texlive/texmf-dist/tex/generic/iftex/ifvtex.sty
Package: ifvtex 2019/10/25 v1.7 ifvtex legacy package. Use iftex instead.
)
\Gm@cnth=\count196
\Gm@cntv=\count197
\c@Gm@tempcnt=\count198
\Gm@bindingoffset=\dimen158
\Gm@wd@mp=\dimen159
\Gm@odd@mp=\dimen160
\Gm@even@mp=\dimen161
\Gm@layoutwidth=\dimen162
\Gm@layoutheight=\dimen163
\Gm@layouthoffset=\dimen164
\Gm@layoutvoffset=\dimen165
\Gm@dimlist=\toks29
)
(/usr/share/texlive/texmf-dist/tex/latex/l3backend/l3backend-pdfmode.def
File: l3backend-pdfmode.def 2020-02-03 L3 backend support: PDF mode
\l__kernel_color_stack_int=\count199
\l__pdf_internal_box=\box53
)

LaTeX Warning: Unused global option(s):
    [a6paper].

(./intro-innehåll.aux)
\openout1 = `intro-innehåll.aux'.

LaTeX Font Info:    Checking defaults for OML/cmm/m/it on input line 16.
LaTeX Font Info:    ... okay on input line 16.
LaTeX Font Info:    Checking defaults for OMS/cmsy/m/n on input line 16.
LaTeX Font Info:    ... okay on input line 16.
LaTeX Font Info:    Checking defaults for OT1/cmr/m/n on input line 16.
LaTeX Font Info:    ... okay on input line 16.
LaTeX Font Info:    Checking defaults for T1/cmr/m/n on input line 16.
LaTeX Font Info:    ... okay on input line 16.
LaTeX Font Info:    Checking defaults for TS1/cmr/m/n on input line 16.
LaTeX Font Info:    ... okay on input line 16.
LaTeX Font Info:    Checking defaults for OMX/cmex/m/n on input line 16.
LaTeX Font Info:    ... okay on input line 16.
LaTeX Font Info:    Checking defaults for U/cmr/m/n on input line 16.
LaTeX Font Info:    ... okay on input line 16.

(/usr/share/texlive/texmf-dist/tex/context/base/mkii/supp-pdf.mkii
[Loading MPS to PDF converter (version 2006.09.02).]
\scratchcounter=\count266
\scratchdimen=\dimen166
\scratchbox=\box54
\nofMPsegments=\count267
\nofMParguments=\count268
\everyMPshowfont=\toks30
\MPscratchCnt=\count269
\MPscratchDim=\dimen167
\MPnumerator=\count270
\makeMPintoPDFobject=\count271
\everyMPtoPDFconversion=\toks31
) (/usr/share/texlive/texmf-dist/tex/latex/epstopdf-pkg/epstopdf-base.sty
Package: epstopdf-base 2020-01-24 v2.11 Base part for package epstopdf
Package epstopdf-base Info: Redefining graphics rule for `.eps' on input line 4
85.

(/usr/share/texlive/texmf-dist/tex/latex/latexconfig/epstopdf-sys.cfg
File: epstopdf-sys.cfg 2010/07/13 v1.3 Configuration of (r)epstopdf for TeX Liv
e
))
\AtBeginShipoutBox=\box55

(/usr/share/texlive/texmf-dist/tex/latex/pdflscape/pdflscape.sty
Package: pdflscape 2019/12/05 v0.12 Display of landscape pages in PDF (HO)

(/usr/share/texlive/texmf-dist/tex/latex/graphics/lscape.sty
Package: lscape 2000/10/22 v3.01 Landscape Pages (DPC)
)
Package pdflscape Info: Auto-detected driver: pdftex on input line 81.
)
*geometry* driver: auto-detecting
*geometry* detected driver: pdftex
*geometry* verbose mode - [ preamble ] result:
* driver: pdftex
* paper: a6paper
* layout: <same size as paper>
* layoutoffset:(h,v)=(0.0pt,0.0pt)
* modes: 
* h-part:(L,W,R)=(21.68121pt, 255.39151pt, 21.68121pt)
* v-part:(T,H,B)=(21.68121pt, 377.73836pt, 21.68121pt)
* \paperwidth=298.75394pt
* \paperheight=421.10078pt
* \textwidth=225.0pt
* \textheight=377.73836pt
* \oddsidemargin=-26.73953pt
* \evensidemargin=-50.58878pt
* \topmargin=-87.58878pt
* \headheight=12.0pt
* \headsep=25.0pt
* \topskip=12.0pt
* \footskip=30.0pt
* \marginparwidth=44.0pt
* \marginparsep=10.0pt
* \columnsep=10.0pt
* \skip\footins=10.8pt plus 4.0pt minus 2.0pt
* \hoffset=0.0pt
* \voffset=0.0pt
* \mag=1000
* \@twocolumnfalse
* \@twosidefalse
* \@mparswitchfalse
* \@reversemarginfalse
* (1in=72.27pt=25.4mm, 1cm=28.453pt)

<sangbok.png, id=1, 573.64313pt x 450.18187pt>
File: sangbok.png Graphic file (type png)
<use sangbok.png>
Package pdftex.def Info: sangbok.png  used on input line 21.
(pdftex.def)             Requested size: 225.0pt x 176.57312pt.
[1

{/var/lib/texmf/fonts/map/pdftex/updmap/pdftex.map} <./sangbok.png>] [2]
<innehall.pdf, id=17, 298.75415pt x 421.10124pt>
File: innehall.pdf Graphic file (type pdf)
<use innehall.pdf>
Package pdftex.def Info: innehall.pdf  used on input line 63.
(pdftex.def)             Requested size: 298.75342pt x 421.1002pt.
File: innehall.pdf Graphic file (type pdf)
<use innehall.pdf>
Package pdftex.def Info: innehall.pdf  used on input line 63.
(pdftex.def)             Requested size: 298.75342pt x 421.1002pt.
<innehall.pdf, id=20, page=1, 298.75415pt x 421.10124pt>
File: innehall.pdf Graphic file (type pdf)
<use innehall.pdf, page 1>
Package pdftex.def Info: innehall.pdf , page1 used on input line 63.
(pdftex.def)             Requested size: 298.75342pt x 421.1002pt.
File: innehall.pdf Graphic file (type pdf)
<use innehall.pdf, page 1>
Package pdftex.def Info: innehall.pdf , page1 used on input line 63.
(pdftex.def)             Requested size: 298.8218pt x 421.19658pt.
File: innehall.pdf Graphic file (type pdf)
<use innehall.pdf, page 1>
Package pdftex.def Info: innehall.pdf , page1 used on input line 63.
(pdftex.def)             Requested size: 298.8218pt x 421.19658pt.
File: innehall.pdf Graphic file (type pdf)
<use innehall.pdf, page 1>
Package pdftex.def Info: innehall.pdf , page1 used on input line 63.
(pdftex.def)             Requested size: 298.8218pt x 421.19658pt.
File: innehall.pdf Graphic file (type pdf)
<use innehall.pdf, page 1>
Package pdftex.def Info: innehall.pdf , page1 used on input line 63.
(pdftex.def)             Requested size: 298.8218pt x 421.19658pt.

[3 <./innehall.pdf>]
<innehall.pdf, id=50, page=2, 298.75415pt x 421.10124pt>
File: innehall.pdf Graphic file (type pdf)
<use innehall.pdf, page 2>
Package pdftex.def Info: innehall.pdf , page2 used on input line 63.
(pdftex.def)             Requested size: 298.8218pt x 421.19658pt.
File: innehall.pdf Graphic file (type pdf)
<use innehall.pdf, page 2>
Package pdftex.def Info: innehall.pdf , page2 used on input line 63.
(pdftex.def)             Requested size: 298.8218pt x 421.19658pt.
File: innehall.pdf Graphic file (type pdf)
<use innehall.pdf, page 2>
Package pdftex.def Info: innehall.pdf , page2 used on input line 63.
(pdftex.def)             Requested size: 298.8218pt x 421.19658pt.
 [4 <./innehall.pdf>]
<innehall.pdf, id=54, page=3, 298.75415pt x 421.10124pt>
File: innehall.pdf Graphic file (type pdf)
<use innehall.pdf, page 3>
Package pdftex.def Info: innehall.pdf , page3 used on input line 63.
(pdftex.def)             Requested size: 298.8218pt x 421.19658pt.
File: innehall.pdf Graphic file (type pdf)
<use innehall.pdf, page 3>
Package pdftex.def Info: innehall.pdf , page3 used on input line 63.
(pdftex.def)             Requested size: 298.8218pt x 421.19658pt.
File: innehall.pdf Graphic file (type pdf)
<use innehall.pdf, page 3>
Package pdftex.def Info: innehall.pdf , page3 used on input line 63.
(pdftex.def)             Requested size: 298.8218pt x 421.19658pt.
 [5 <./innehall.pdf>]
<innehall.pdf, id=58, page=4, 298.75415pt x 421.10124pt>
File: innehall.pdf Graphic file (type pdf)
<use innehall.pdf, page 4>
Package pdftex.def Info: innehall.pdf , page4 used on input line 63.
(pdftex.def)             Requested size: 298.8218pt x 421.19658pt.
File: innehall.pdf Graphic file (type pdf)
<use innehall.pdf, page 4>
Package pdftex.def Info: innehall.pdf , page4 used on input line 63.
(pdftex.def)             Requested size: 298.8218pt x 421.19658pt.
File: innehall.pdf Graphic file (type pdf)
<use innehall.pdf, page 4>
Package pdftex.def Info: innehall.pdf , page4 used on input line 63.
(pdftex.def)             Requested size: 298.8218pt x 421.19658pt.
 [6 <./innehall.pdf>]
<innehall.pdf, id=62, page=5, 298.75415pt x 421.10124pt>
File: innehall.pdf Graphic file (type pdf)
<use innehall.pdf, page 5>
Package pdftex.def Info: innehall.pdf , page5 used on input line 63.
(pdftex.def)             Requested size: 298.8218pt x 421.19658pt.
File: innehall.pdf Graphic file (type pdf)
<use innehall.pdf, page 5>
Package pdftex.def Info: innehall.pdf , page5 used on input line 63.
(pdftex.def)             Requested size: 298.8218pt x 421.19658pt.
File: innehall.pdf Graphic file (type pdf)
<use innehall.pdf, page 5>
Package pdftex.def Info: innehall.pdf , page5 used on input line 63.
(pdftex.def)             Requested size: 298.8218pt x 421.19658pt.
 [7 <./innehall.pdf>]
<innehall.pdf, id=67, page=6, 298.75415pt x 421.10124pt>
File: innehall.pdf Graphic file (type pdf)
<use innehall.pdf, page 6>
Package pdftex.def Info: innehall.pdf , page6 used on input line 63.
(pdftex.def)             Requested size: 298.8218pt x 421.19658pt.
File: innehall.pdf Graphic file (type pdf)
<use innehall.pdf, page 6>
Package pdftex.def Info: innehall.pdf , page6 used on input line 63.
(pdftex.def)             Requested size: 298.8218pt x 421.19658pt.
File: innehall.pdf Graphic file (type pdf)
<use innehall.pdf, page 6>
Package pdftex.def Info: innehall.pdf , page6 used on input line 63.
(pdftex.def)             Requested size: 298.8218pt x 421.19658pt.
 [8 <./innehall.pdf>]
<innehall2.pdf, id=76, 298.75415pt x 421.10124pt>
File: innehall2.pdf Graphic file (type pdf)
<use innehall2.pdf>
Package pdftex.def Info: innehall2.pdf  used on input line 64.
(pdftex.def)             Requested size: 298.75342pt x 421.1002pt.
File: innehall2.pdf Graphic file (type pdf)
<use innehall2.pdf>
Package pdftex.def Info: innehall2.pdf  used on input line 64.
(pdftex.def)             Requested size: 298.75342pt x 421.1002pt.
<innehall2.pdf, id=79, page=1, 298.75415pt x 421.10124pt>
File: innehall2.pdf Graphic file (type pdf)
<use innehall2.pdf, page 1>
Package pdftex.def Info: innehall2.pdf , page1 used on input line 64.
(pdftex.def)             Requested size: 298.75342pt x 421.1002pt.
File: innehall2.pdf Graphic file (type pdf)
<use innehall2.pdf, page 1>
Package pdftex.def Info: innehall2.pdf , page1 used on input line 64.
(pdftex.def)             Requested size: 298.8218pt x 421.19658pt.
File: innehall2.pdf Graphic file (type pdf)
<use innehall2.pdf, page 1>
Package pdftex.def Info: innehall2.pdf , page1 used on input line 64.
(pdftex.def)             Requested size: 298.8218pt x 421.19658pt.
File: innehall2.pdf Graphic file (type pdf)
<use innehall2.pdf, page 1>
Package pdftex.def Info: innehall2.pdf , page1 used on input line 64.
(pdftex.def)             Requested size: 298.8218pt x 421.19658pt.
File: innehall2.pdf Graphic file (type pdf)
<use innehall2.pdf, page 1>
Package pdftex.def Info: innehall2.pdf , page1 used on input line 64.
(pdftex.def)             Requested size: 298.8218pt x 421.19658pt.
 [9 <./innehall2.pdf>]
<innehall2.pdf, id=200, page=2, 298.75415pt x 421.10124pt>
File: innehall2.pdf Graphic file (type pdf)
<use innehall2.pdf, page 2>
Package pdftex.def Info: innehall2.pdf , page2 used on input line 64.
(pdftex.def)             Requested size: 298.8218pt x 421.19658pt.
File: innehall2.pdf Graphic file (type pdf)
<use innehall2.pdf, page 2>
Package pdftex.def Info: innehall2.pdf , page2 used on input line 64.
(pdftex.def)             Requested size: 298.8218pt x 421.19658pt.
File: innehall2.pdf Graphic file (type pdf)
<use innehall2.pdf, page 2>
Package pdftex.def Info: innehall2.pdf , page2 used on input line 64.
(pdftex.def)             Requested size: 298.8218pt x 421.19658pt.
 [10 <./innehall2.pdf>]
<innehall2.pdf, id=204, page=3, 298.75415pt x 421.10124pt>
File: innehall2.pdf Graphic file (type pdf)
<use innehall2.pdf, page 3>
Package pdftex.def Info: innehall2.pdf , page3 used on input line 64.
(pdftex.def)             Requested size: 298.8218pt x 421.19658pt.
File: innehall2.pdf Graphic file (type pdf)
<use innehall2.pdf, page 3>
Package pdftex.def Info: innehall2.pdf , page3 used on input line 64.
(pdftex.def)             Requested size: 298.8218pt x 421.19658pt.
File: innehall2.pdf Graphic file (type pdf)
<use innehall2.pdf, page 3>
Package pdftex.def Info: innehall2.pdf , page3 used on input line 64.
(pdftex.def)             Requested size: 298.8218pt x 421.19658pt.
 [11 <./innehall2.pdf>]
<innehall2.pdf, id=208, page=4, 298.75415pt x 421.10124pt>
File: innehall2.pdf Graphic file (type pdf)
<use innehall2.pdf, page 4>
Package pdftex.def Info: innehall2.pdf , page4 used on input line 64.
(pdftex.def)             Requested size: 298.8218pt x 421.19658pt.
File: innehall2.pdf Graphic file (type pdf)
<use innehall2.pdf, page 4>
Package pdftex.def Info: innehall2.pdf , page4 used on input line 64.
(pdftex.def)             Requested size: 298.8218pt x 421.19658pt.
File: innehall2.pdf Graphic file (type pdf)
<use innehall2.pdf, page 4>
Package pdftex.def Info: innehall2.pdf , page4 used on input line 64.
(pdftex.def)             Requested size: 298.8218pt x 421.19658pt.
 [12 <./innehall2.pdf>]
<innehall2.pdf, id=215, page=5, 298.75415pt x 421.10124pt>
File: innehall2.pdf Graphic file (type pdf)
<use innehall2.pdf, page 5>
Package pdftex.def Info: innehall2.pdf , page5 used on input line 64.
(pdftex.def)             Requested size: 298.8218pt x 421.19658pt.
File: innehall2.pdf Graphic file (type pdf)
<use innehall2.pdf, page 5>
Package pdftex.def Info: innehall2.pdf , page5 used on input line 64.
(pdftex.def)             Requested size: 298.8218pt x 421.19658pt.
File: innehall2.pdf Graphic file (type pdf)
<use innehall2.pdf, page 5>
Package pdftex.def Info: innehall2.pdf , page5 used on input line 64.
(pdftex.def)             Requested size: 298.8218pt x 421.19658pt.
 [13 <./innehall2.pdf>]
Overfull \hbox (2.55605pt too wide) in paragraph at lines 68--93
\OT1/cmr/m/n/10 P^^Wa ban-quette ^^?ar det kl^^?adkod h^^?ogtidsdr^^?akt som g^
^?aller.
 []

[14]
Overfull \hbox (1.88931pt too wide) in paragraph at lines 95--121
\OT1/cmr/m/n/10 Vid bor-det h^^?or det till god ord-ning att en kon-verserar
 []

[15]
Overfull \hbox (0.8338pt too wide) in paragraph at lines 123--146
\OT1/cmr/m/n/10 fysiker eller eti-quettdrot-tnin-gen Mag-dalena Rib-bing. 
 []

[16] (./intro-innehåll.aux) ) 
Here is how much of TeX's memory you used:
 4773 strings out of 483183
 67423 string characters out of 5966293
 326278 words of memory out of 5000000
 19716 multiletter control sequences out of 15000+600000
 534194 words of font info for 30 fonts, out of 8000000 for 9000
 14 hyphenation exceptions out of 8191
 40i,18n,46p,282b,435s stack positions out of 5000i,500n,10000p,200000b,80000s
</usr/share/texlive/texmf-dist/fonts/type1/publi
c/amsfonts/cm/cmbx12.pfb></usr/share/texlive/texmf-dist/fonts/type1/public/amsf
onts/cm/cmmi10.pfb></usr/share/texlive/texmf-dist/fonts/type1/public/amsfonts/c
m/cmmi12.pfb></usr/share/texlive/texmf-dist/fonts/type1/public/amsfonts/cm/cmr1
0.pfb></usr/share/texlive/texmf-dist/fonts/type1/public/amsfonts/cm/cmr12.pfb><
/usr/share/texlive/texmf-dist/fonts/type1/public/amsfonts/cm/cmr17.pfb></usr/sh
are/texlive/texmf-dist/fonts/type1/public/amsfonts/cm/cmsy10.pfb></usr/share/te
xlive/texmf-dist/fonts/type1/public/amsfonts/cm/cmti10.pfb>
Output written on intro-innehåll.pdf (16 pages, 253374 bytes).
PDF statistics:
 247 PDF objects out of 1000 (max. 8388607)
 99 compressed objects within 1 object stream
 0 named destinations out of 1000 (max. 500000)
 91 words of extra memory for PDF output out of 10000 (max. 10000000)

